<?xml version="1.0" encoding="UTF-8"?>
<robot generator="Robot 4.0 (Python 3.9.6 on win32)" generated="20210820 20:35:24.921" rpa="false" schemaversion="2">
<suite id="s1" name="TestSitePractice" source="C:\Projetos\SuiteSiteTestePractice\tests\TestSitePractice.robot">
<test id="s1-t1" name="Caso de Teste 01: Pesquisar produto existente">
<kw name="Abrir navegador" library="Resource" type="SETUP">
<kw name="Open Browser" library="SeleniumLibrary">
<arg>${URL}</arg>
<arg>${BROWSER}</arg>
<doc>Opens a new browser instance to the optional ``url``.</doc>
<msg timestamp="20210820 20:35:25.268" level="INFO">Opening browser 'chrome' to base url 'http://automationpractice.com'.</msg>
<status status="PASS" starttime="20210820 20:35:25.268" endtime="20210820 20:35:30.736"/>
</kw>
<status status="PASS" starttime="20210820 20:35:25.267" endtime="20210820 20:35:30.737"/>
</kw>
<kw name="Acessar a página home do site" library="Resource">
<kw name="Go To" library="SeleniumLibrary">
<arg>${URL}</arg>
<doc>Navigates the current browser window to the provided ``url``.</doc>
<msg timestamp="20210820 20:35:30.738" level="INFO">Opening url 'http://automationpractice.com'</msg>
<status status="PASS" starttime="20210820 20:35:30.738" endtime="20210820 20:35:32.246"/>
</kw>
<kw name="Title Should Be" library="SeleniumLibrary">
<arg>My Store</arg>
<doc>Verifies that the current page title equals ``title``.</doc>
<msg timestamp="20210820 20:35:32.252" level="INFO">Page title is 'My Store'.</msg>
<status status="PASS" starttime="20210820 20:35:32.246" endtime="20210820 20:35:32.252"/>
</kw>
<status status="PASS" starttime="20210820 20:35:30.737" endtime="20210820 20:35:32.253"/>
</kw>
<kw name="Digitar o nome do produto &quot;Blouse&quot; no campo de pesquisa" library="Resource" sourcename="Digitar o nome do produto &quot;${PRODUTO}&quot; no campo de pesquisa">
<kw name="Input Text" library="SeleniumLibrary">
<arg>name=search_query</arg>
<arg>${PRODUTO}</arg>
<doc>Types the given ``text`` into the text field identified by ``locator``.</doc>
<msg timestamp="20210820 20:35:32.254" level="INFO">Typing text 'Blouse' into text field 'name=search_query'.</msg>
<status status="PASS" starttime="20210820 20:35:32.254" endtime="20210820 20:35:32.374"/>
</kw>
<status status="PASS" starttime="20210820 20:35:32.253" endtime="20210820 20:35:32.374"/>
</kw>
<kw name="Clicar no botão pesquisar" library="Resource">
<kw name="Click Element" library="SeleniumLibrary">
<arg>name=submit_search</arg>
<doc>Click the element identified by ``locator``.</doc>
<msg timestamp="20210820 20:35:32.377" level="INFO">Clicking element 'name=submit_search'.</msg>
<status status="PASS" starttime="20210820 20:35:32.377" endtime="20210820 20:35:34.137"/>
</kw>
<status status="PASS" starttime="20210820 20:35:32.375" endtime="20210820 20:35:34.138"/>
</kw>
<kw name="Conferir se o produto &quot;Blouse&quot; foi listado no site" library="Resource" sourcename="Conferir se o produto &quot;${PRODUTO}&quot; foi listado no site">
<kw name="Wait Until Element Is Visible" library="SeleniumLibrary">
<arg>css=#center_column &gt; h1</arg>
<doc>Waits until the element ``locator`` is visible.</doc>
<status status="PASS" starttime="20210820 20:35:34.140" endtime="20210820 20:35:34.174"/>
</kw>
<kw name="Title Should Be" library="SeleniumLibrary">
<arg>Search - My Store</arg>
<doc>Verifies that the current page title equals ``title``.</doc>
<msg timestamp="20210820 20:35:34.180" level="INFO">Page title is 'Search - My Store'.</msg>
<status status="PASS" starttime="20210820 20:35:34.174" endtime="20210820 20:35:34.181"/>
</kw>
<kw name="Page Should Contain Image" library="SeleniumLibrary">
<arg>xpath=//*[@id="center_column"]//*[@src='http://automationpractice.com/img/p/7/7-home_default.jpg']</arg>
<doc>Verifies image identified by ``locator`` is found from current page.</doc>
<msg timestamp="20210820 20:35:34.201" level="INFO">Current page contains image 'xpath=//*[@id="center_column"]//*[@src='http://automationpractice.com/img/p/7/7-home_default.jpg']'.</msg>
<status status="PASS" starttime="20210820 20:35:34.181" endtime="20210820 20:35:34.201"/>
</kw>
<kw name="Page Should Contain Link" library="SeleniumLibrary">
<arg>xpath=//*[@id="center_column"]//a[@class="product-name"][contains(text(), "${PRODUTO}")]</arg>
<doc>Verifies link identified by ``locator`` is found from current page.</doc>
<msg timestamp="20210820 20:35:34.226" level="INFO">Current page contains link 'xpath=//*[@id="center_column"]//a[@class="product-name"][contains(text(), "Blouse")]'.</msg>
<status status="PASS" starttime="20210820 20:35:34.201" endtime="20210820 20:35:34.227"/>
</kw>
<kw name="Page Should Contain Element" library="SeleniumLibrary">
<arg>css=#center_column &gt; ul &gt; li &gt; div &gt; div.right-block &gt; div.content_price &gt; span</arg>
<doc>Verifies that element ``locator`` is found on the current page.</doc>
<msg timestamp="20210820 20:35:34.242" level="INFO">Current page contains element 'css=#center_column &gt; ul &gt; li &gt; div &gt; div.right-block &gt; div.content_price &gt; span'.</msg>
<status status="PASS" starttime="20210820 20:35:34.228" endtime="20210820 20:35:34.242"/>
</kw>
<status status="PASS" starttime="20210820 20:35:34.139" endtime="20210820 20:35:34.243"/>
</kw>
<kw name="Fechar Navegador" library="Resource" type="TEARDOWN">
<kw name="Close Browser" library="SeleniumLibrary">
<doc>Closes the current browser.</doc>
<status status="PASS" starttime="20210820 20:35:34.244" endtime="20210820 20:35:36.656"/>
</kw>
<status status="PASS" starttime="20210820 20:35:34.243" endtime="20210820 20:35:36.656"/>
</kw>
<status status="PASS" starttime="20210820 20:35:25.266" endtime="20210820 20:35:36.657"/>
</test>
<test id="s1-t2" name="Caso de Teste 02: Pesquisar produto não existente">
<kw name="Abrir navegador" library="Resource" type="SETUP">
<kw name="Open Browser" library="SeleniumLibrary">
<arg>${URL}</arg>
<arg>${BROWSER}</arg>
<doc>Opens a new browser instance to the optional ``url``.</doc>
<msg timestamp="20210820 20:35:36.662" level="INFO">Opening browser 'chrome' to base url 'http://automationpractice.com'.</msg>
<status status="PASS" starttime="20210820 20:35:36.662" endtime="20210820 20:35:42.157"/>
</kw>
<status status="PASS" starttime="20210820 20:35:36.661" endtime="20210820 20:35:42.157"/>
</kw>
<kw name="Acessar a página home do site" library="Resource">
<kw name="Go To" library="SeleniumLibrary">
<arg>${URL}</arg>
<doc>Navigates the current browser window to the provided ``url``.</doc>
<msg timestamp="20210820 20:35:42.158" level="INFO">Opening url 'http://automationpractice.com'</msg>
<status status="PASS" starttime="20210820 20:35:42.158" endtime="20210820 20:35:43.806"/>
</kw>
<kw name="Title Should Be" library="SeleniumLibrary">
<arg>My Store</arg>
<doc>Verifies that the current page title equals ``title``.</doc>
<msg timestamp="20210820 20:35:43.822" level="INFO">Page title is 'My Store'.</msg>
<status status="PASS" starttime="20210820 20:35:43.806" endtime="20210820 20:35:43.822"/>
</kw>
<status status="PASS" starttime="20210820 20:35:42.158" endtime="20210820 20:35:43.823"/>
</kw>
<kw name="Digitar o nome do produto &quot;itemNãoExistente&quot; no campo de pesquisa" library="Resource" sourcename="Digitar o nome do produto &quot;${PRODUTO}&quot; no campo de pesquisa">
<kw name="Input Text" library="SeleniumLibrary">
<arg>name=search_query</arg>
<arg>${PRODUTO}</arg>
<doc>Types the given ``text`` into the text field identified by ``locator``.</doc>
<msg timestamp="20210820 20:35:43.824" level="INFO">Typing text 'itemNãoExistente' into text field 'name=search_query'.</msg>
<status status="PASS" starttime="20210820 20:35:43.824" endtime="20210820 20:35:43.960"/>
</kw>
<status status="PASS" starttime="20210820 20:35:43.823" endtime="20210820 20:35:43.960"/>
</kw>
<kw name="Clicar no botão pesquisar" library="Resource">
<kw name="Click Element" library="SeleniumLibrary">
<arg>name=submit_search</arg>
<doc>Click the element identified by ``locator``.</doc>
<msg timestamp="20210820 20:35:43.966" level="INFO">Clicking element 'name=submit_search'.</msg>
<status status="PASS" starttime="20210820 20:35:43.966" endtime="20210820 20:35:46.003"/>
</kw>
<status status="PASS" starttime="20210820 20:35:43.965" endtime="20210820 20:35:46.003"/>
</kw>
<kw name="Conferir mensagem de erro &quot;No results were found for your search &quot;itemNãoExistente&quot;&quot;" library="Resource" sourcename="Conferir mensagem de erro &quot;${MENSAGEM_ALERTA}&quot;">
<kw name="Wait Until Element Is Visible" library="SeleniumLibrary">
<arg>//*[@id="center_column"]/p[@class="alert alert-warning"]</arg>
<doc>Waits until the element ``locator`` is visible.</doc>
<status status="PASS" starttime="20210820 20:35:46.004" endtime="20210820 20:35:46.033"/>
</kw>
<status status="PASS" starttime="20210820 20:35:46.003" endtime="20210820 20:35:46.033"/>
</kw>
<kw name="Fechar Navegador" library="Resource" type="TEARDOWN">
<kw name="Close Browser" library="SeleniumLibrary">
<doc>Closes the current browser.</doc>
<status status="PASS" starttime="20210820 20:35:46.034" endtime="20210820 20:35:48.291"/>
</kw>
<status status="PASS" starttime="20210820 20:35:46.034" endtime="20210820 20:35:48.291"/>
</kw>
<status status="PASS" starttime="20210820 20:35:36.660" endtime="20210820 20:35:48.292"/>
</test>
<status status="PASS" starttime="20210820 20:35:24.924" endtime="20210820 20:35:48.293"/>
</suite>
<statistics>
<total>
<stat pass="2" fail="0" skip="0">All Tests</stat>
</total>
<tag>
</tag>
<suite>
<stat pass="2" fail="0" skip="0" id="s1" name="TestSitePractice">TestSitePractice</stat>
</suite>
</statistics>
<errors>
</errors>
</robot>
