<?xml version="1.0" encoding="UTF-8"?>
<robot generator="Robot 4.0 (Python 3.9.6 on win32)" generated="20210815 22:02:53.774" rpa="false" schemaversion="2">
<suite id="s1" name="TestSitePractice" source="C:\Projetos\SuiteSiteTestePractice\tests\TestSitePractice.robot">
<test id="s1-t1" name="Caso de Teste 02: Pesquisar produto não existente">
<kw name="Abrir navegador" library="Resource" type="SETUP">
<kw name="Open Browser" library="SeleniumLibrary">
<arg>${URL}</arg>
<arg>${BROWSER}</arg>
<doc>Opens a new browser instance to the optional ``url``.</doc>
<msg timestamp="20210815 22:02:54.141" level="INFO">Opening browser 'chrome' to base url 'http://automationpractice.com'.</msg>
<status status="PASS" starttime="20210815 22:02:54.140" endtime="20210815 22:03:00.212"/>
</kw>
<status status="PASS" starttime="20210815 22:02:54.140" endtime="20210815 22:03:00.213"/>
</kw>
<kw name="Acessar a página home do site" library="Resource">
<kw name="Go To" library="SeleniumLibrary">
<arg>${URL}</arg>
<doc>Navigates the current browser window to the provided ``url``.</doc>
<msg timestamp="20210815 22:03:00.218" level="INFO">Opening url 'http://automationpractice.com'</msg>
<status status="PASS" starttime="20210815 22:03:00.218" endtime="20210815 22:03:02.314"/>
</kw>
<kw name="Title Should Be" library="SeleniumLibrary">
<arg>My Store</arg>
<doc>Verifies that the current page title equals ``title``.</doc>
<msg timestamp="20210815 22:03:02.320" level="INFO">Page title is 'My Store'.</msg>
<status status="PASS" starttime="20210815 22:03:02.314" endtime="20210815 22:03:02.320"/>
</kw>
<status status="PASS" starttime="20210815 22:03:00.217" endtime="20210815 22:03:02.320"/>
</kw>
<kw name="Digitar o nome do produto &quot;itemNãoExistente&quot; no campo de pesquisa" library="Resource" sourcename="Digitar o nome do produto &quot;${PRODUTO}&quot; no campo de pesquisa">
<kw name="Input Text" library="SeleniumLibrary">
<arg>name=search_query</arg>
<arg>${PRODUTO}</arg>
<doc>Types the given ``text`` into the text field identified by ``locator``.</doc>
<msg timestamp="20210815 22:03:02.322" level="INFO">Typing text 'itemNãoExistente' into text field 'name=search_query'.</msg>
<status status="PASS" starttime="20210815 22:03:02.321" endtime="20210815 22:03:02.571"/>
</kw>
<status status="PASS" starttime="20210815 22:03:02.321" endtime="20210815 22:03:02.571"/>
</kw>
<kw name="Clicar no botão pesquisar" library="Resource">
<kw name="Click Element" library="SeleniumLibrary">
<arg>name=submit_search</arg>
<doc>Click the element identified by ``locator``.</doc>
<msg timestamp="20210815 22:03:02.573" level="INFO">Clicking element 'name=submit_search'.</msg>
<status status="PASS" starttime="20210815 22:03:02.572" endtime="20210815 22:03:03.879"/>
</kw>
<status status="PASS" starttime="20210815 22:03:02.572" endtime="20210815 22:03:03.879"/>
</kw>
<kw name="Conferir mensagem de erro &quot;No results were found for your search &quot;itemNãoExistente&quot;&quot;" library="Resource" sourcename="Conferir mensagem de erro &quot;${MENSAGEM_ALERTA}&quot;">
<kw name="Wait Until Element Is Visible" library="SeleniumLibrary">
<arg>//*[@id="center_column"]/p[@class="alert alert-warning"]</arg>
<doc>Waits until the element ``locator`` is visible.</doc>
<status status="PASS" starttime="20210815 22:03:03.880" endtime="20210815 22:03:03.912"/>
</kw>
<status status="PASS" starttime="20210815 22:03:03.880" endtime="20210815 22:03:03.913"/>
</kw>
<kw name="Fechar Navegador" library="Resource" type="TEARDOWN">
<kw name="Close Browser" library="SeleniumLibrary">
<doc>Closes the current browser.</doc>
<status status="PASS" starttime="20210815 22:03:03.914" endtime="20210815 22:03:06.233"/>
</kw>
<status status="PASS" starttime="20210815 22:03:03.913" endtime="20210815 22:03:06.233"/>
</kw>
<status status="PASS" starttime="20210815 22:02:54.138" endtime="20210815 22:03:06.234"/>
</test>
<status status="PASS" starttime="20210815 22:02:53.777" endtime="20210815 22:03:06.235"/>
</suite>
<statistics>
<total>
<stat pass="1" fail="0" skip="0">All Tests</stat>
</total>
<tag>
</tag>
<suite>
<stat pass="1" fail="0" skip="0" id="s1" name="TestSitePractice">TestSitePractice</stat>
</suite>
</statistics>
<errors>
</errors>
</robot>
