<?xml version="1.0" encoding="UTF-8"?>
<robot generator="Robot 4.0 (Python 3.9.6 on win32)" generated="20210820 20:38:36.833" rpa="false" schemaversion="2">
<suite id="s1" name="TestSitePractice" source="C:\Projetos\SuiteSiteTestePractice\tests\TestSitePractice.robot">
<test id="s1-t1" name="Caso de Teste 01: Pesquisar produto existente">
<kw name="Abrir navegador" library="Resource" type="SETUP">
<kw name="Open Browser" library="SeleniumLibrary">
<arg>${URL}</arg>
<arg>${BROWSER}</arg>
<doc>Opens a new browser instance to the optional ``url``.</doc>
<msg timestamp="20210820 20:38:37.110" level="INFO">Opening browser 'chrome' to base url 'http://automationpractice.com'.</msg>
<status status="PASS" starttime="20210820 20:38:37.110" endtime="20210820 20:38:42.671"/>
</kw>
<status status="PASS" starttime="20210820 20:38:37.109" endtime="20210820 20:38:42.672"/>
</kw>
<kw name="Acessar a página home do site" library="Resource">
<kw name="Go To" library="SeleniumLibrary">
<arg>${URL}</arg>
<doc>Navigates the current browser window to the provided ``url``.</doc>
<msg timestamp="20210820 20:38:42.674" level="INFO">Opening url 'http://automationpractice.com'</msg>
<status status="PASS" starttime="20210820 20:38:42.673" endtime="20210820 20:38:44.189"/>
</kw>
<kw name="Title Should Be" library="SeleniumLibrary">
<arg>My Store</arg>
<doc>Verifies that the current page title equals ``title``.</doc>
<msg timestamp="20210820 20:38:44.196" level="INFO">Page title is 'My Store'.</msg>
<status status="PASS" starttime="20210820 20:38:44.189" endtime="20210820 20:38:44.196"/>
</kw>
<status status="PASS" starttime="20210820 20:38:42.672" endtime="20210820 20:38:44.196"/>
</kw>
<kw name="Digitar o nome do produto &quot;Blouse&quot; no campo de pesquisa" library="Resource" sourcename="Digitar o nome do produto &quot;${PRODUTO}&quot; no campo de pesquisa">
<kw name="Input Text" library="SeleniumLibrary">
<arg>name=search_query</arg>
<arg>${PRODUTO}</arg>
<doc>Types the given ``text`` into the text field identified by ``locator``.</doc>
<msg timestamp="20210820 20:38:44.198" level="INFO">Typing text 'Blouse' into text field 'name=search_query'.</msg>
<status status="PASS" starttime="20210820 20:38:44.197" endtime="20210820 20:38:44.315"/>
</kw>
<status status="PASS" starttime="20210820 20:38:44.197" endtime="20210820 20:38:44.315"/>
</kw>
<kw name="Clicar no botão pesquisar" library="Resource">
<kw name="Click Element" library="SeleniumLibrary">
<arg>name=submit_search</arg>
<doc>Click the element identified by ``locator``.</doc>
<msg timestamp="20210820 20:38:44.319" level="INFO">Clicking element 'name=submit_search'.</msg>
<status status="PASS" starttime="20210820 20:38:44.319" endtime="20210820 20:38:46.155"/>
</kw>
<status status="PASS" starttime="20210820 20:38:44.317" endtime="20210820 20:38:46.156"/>
</kw>
<kw name="Conferir se o produto &quot;Blouse&quot; foi listado no site" library="Resource" sourcename="Conferir se o produto &quot;${PRODUTO}&quot; foi listado no site">
<kw name="Wait Until Element Is Visible" library="SeleniumLibrary">
<arg>css=#center_column &gt; h1</arg>
<doc>Waits until the element ``locator`` is visible.</doc>
<status status="PASS" starttime="20210820 20:38:46.157" endtime="20210820 20:38:46.180"/>
</kw>
<kw name="Title Should Be" library="SeleniumLibrary">
<arg>Search - My Store</arg>
<doc>Verifies that the current page title equals ``title``.</doc>
<msg timestamp="20210820 20:38:46.183" level="INFO">Page title is 'Search - My Store'.</msg>
<status status="PASS" starttime="20210820 20:38:46.180" endtime="20210820 20:38:46.183"/>
</kw>
<kw name="Page Should Contain Image" library="SeleniumLibrary">
<arg>xpath=//*[@id="center_column"]//*[@src='http://automationpractice.com/img/p/7/7-home_default.jpg']</arg>
<doc>Verifies image identified by ``locator`` is found from current page.</doc>
<msg timestamp="20210820 20:38:46.200" level="INFO">Current page contains image 'xpath=//*[@id="center_column"]//*[@src='http://automationpractice.com/img/p/7/7-home_default.jpg']'.</msg>
<status status="PASS" starttime="20210820 20:38:46.183" endtime="20210820 20:38:46.200"/>
</kw>
<kw name="Page Should Contain Link" library="SeleniumLibrary">
<arg>xpath=//*[@id="center_column"]//a[@class="product-name"][contains(text(), "${PRODUTO}")]</arg>
<doc>Verifies link identified by ``locator`` is found from current page.</doc>
<msg timestamp="20210820 20:38:46.213" level="INFO">Current page contains link 'xpath=//*[@id="center_column"]//a[@class="product-name"][contains(text(), "Blouse")]'.</msg>
<status status="PASS" starttime="20210820 20:38:46.200" endtime="20210820 20:38:46.213"/>
</kw>
<kw name="Page Should Contain Element" library="SeleniumLibrary">
<arg>css=#center_column &gt; ul &gt; li &gt; div &gt; div.right-block &gt; div.content_price &gt; span</arg>
<doc>Verifies that element ``locator`` is found on the current page.</doc>
<msg timestamp="20210820 20:38:46.222" level="INFO">Current page contains element 'css=#center_column &gt; ul &gt; li &gt; div &gt; div.right-block &gt; div.content_price &gt; span'.</msg>
<status status="PASS" starttime="20210820 20:38:46.213" endtime="20210820 20:38:46.222"/>
</kw>
<status status="PASS" starttime="20210820 20:38:46.157" endtime="20210820 20:38:46.222"/>
</kw>
<kw name="Fechar Navegador" library="Resource" type="TEARDOWN">
<kw name="Close Browser" library="SeleniumLibrary">
<doc>Closes the current browser.</doc>
<status status="PASS" starttime="20210820 20:38:46.223" endtime="20210820 20:38:48.503"/>
</kw>
<status status="PASS" starttime="20210820 20:38:46.223" endtime="20210820 20:38:48.503"/>
</kw>
<status status="PASS" starttime="20210820 20:38:37.108" endtime="20210820 20:38:48.504"/>
</test>
<test id="s1-t2" name="Caso de Teste 02: Pesquisar produto não existente">
<kw name="Abrir navegador" library="Resource" type="SETUP">
<kw name="Open Browser" library="SeleniumLibrary">
<arg>${URL}</arg>
<arg>${BROWSER}</arg>
<doc>Opens a new browser instance to the optional ``url``.</doc>
<msg timestamp="20210820 20:38:48.507" level="INFO">Opening browser 'chrome' to base url 'http://automationpractice.com'.</msg>
<status status="PASS" starttime="20210820 20:38:48.506" endtime="20210820 20:38:54.949"/>
</kw>
<status status="PASS" starttime="20210820 20:38:48.506" endtime="20210820 20:38:54.950"/>
</kw>
<kw name="Acessar a página home do site" library="Resource">
<kw name="Go To" library="SeleniumLibrary">
<arg>${URL}</arg>
<doc>Navigates the current browser window to the provided ``url``.</doc>
<msg timestamp="20210820 20:38:54.951" level="INFO">Opening url 'http://automationpractice.com'</msg>
<status status="PASS" starttime="20210820 20:38:54.951" endtime="20210820 20:38:57.042"/>
</kw>
<kw name="Title Should Be" library="SeleniumLibrary">
<arg>My Store</arg>
<doc>Verifies that the current page title equals ``title``.</doc>
<msg timestamp="20210820 20:38:57.059" level="INFO">Page title is 'My Store'.</msg>
<status status="PASS" starttime="20210820 20:38:57.042" endtime="20210820 20:38:57.059"/>
</kw>
<status status="PASS" starttime="20210820 20:38:54.950" endtime="20210820 20:38:57.060"/>
</kw>
<kw name="Digitar o nome do produto &quot;itemNãoExistente&quot; no campo de pesquisa" library="Resource" sourcename="Digitar o nome do produto &quot;${PRODUTO}&quot; no campo de pesquisa">
<kw name="Input Text" library="SeleniumLibrary">
<arg>name=search_query</arg>
<arg>${PRODUTO}</arg>
<doc>Types the given ``text`` into the text field identified by ``locator``.</doc>
<msg timestamp="20210820 20:38:57.062" level="INFO">Typing text 'itemNãoExistente' into text field 'name=search_query'.</msg>
<status status="PASS" starttime="20210820 20:38:57.062" endtime="20210820 20:38:57.207"/>
</kw>
<status status="PASS" starttime="20210820 20:38:57.061" endtime="20210820 20:38:57.207"/>
</kw>
<kw name="Clicar no botão pesquisar" library="Resource">
<kw name="Click Element" library="SeleniumLibrary">
<arg>name=submit_search</arg>
<doc>Click the element identified by ``locator``.</doc>
<msg timestamp="20210820 20:38:57.210" level="INFO">Clicking element 'name=submit_search'.</msg>
<status status="PASS" starttime="20210820 20:38:57.209" endtime="20210820 20:38:58.771"/>
</kw>
<status status="PASS" starttime="20210820 20:38:57.209" endtime="20210820 20:38:58.771"/>
</kw>
<kw name="Conferir mensagem de erro &quot;No results were found for your search &quot;itemNãoExistente&quot;&quot;" library="Resource" sourcename="Conferir mensagem de erro &quot;${MENSAGEM_ALERTA}&quot;">
<kw name="Wait Until Element Is Visible" library="SeleniumLibrary">
<arg>//*[@id="center_column"]/p[@class="alert alert-warning"]</arg>
<doc>Waits until the element ``locator`` is visible.</doc>
<status status="PASS" starttime="20210820 20:38:58.772" endtime="20210820 20:38:58.803"/>
</kw>
<status status="PASS" starttime="20210820 20:38:58.771" endtime="20210820 20:38:58.804"/>
</kw>
<kw name="Fechar Navegador" library="Resource" type="TEARDOWN">
<kw name="Close Browser" library="SeleniumLibrary">
<doc>Closes the current browser.</doc>
<status status="PASS" starttime="20210820 20:38:58.805" endtime="20210820 20:39:01.042"/>
</kw>
<status status="PASS" starttime="20210820 20:38:58.804" endtime="20210820 20:39:01.042"/>
</kw>
<status status="PASS" starttime="20210820 20:38:48.505" endtime="20210820 20:39:01.043"/>
</test>
<status status="PASS" starttime="20210820 20:38:36.838" endtime="20210820 20:39:01.044"/>
</suite>
<statistics>
<total>
<stat pass="2" fail="0" skip="0">All Tests</stat>
</total>
<tag>
</tag>
<suite>
<stat pass="2" fail="0" skip="0" id="s1" name="TestSitePractice">TestSitePractice</stat>
</suite>
</statistics>
<errors>
</errors>
</robot>
